<?xml version="1.0" encoding="UTF-8"?>
<!-- Generated by org.testng.reporters.JUnitXMLReporter -->
<testsuite ignored="0" hostname="LAPTOP-QFB7FCFV" failures="1" tests="2" name="AddCustomerTest" time="17.133" errors="0" timestamp="2023-01-26T13:41:10 CST">
  <testcase classname="test.LoginTest" name="ValidUserShouldBeAbleToLogin" time="17.103"/>
  <testcase classname="test.AddCustomerTest" name="validCustomerShouldBeAbleToCreateCustomer" time="0.0">
    <failure type="org.testng.TestNGException" message="
Parameter &amp;apos;String userName&amp;apos; is required by @Test on method validCustomerShouldBeAbleToCreateCustomer but has not been marked @Optional or defined
in C:\Users\chumk\eclipse-Selenium\XML_Project\mockData\regression.xml">
      <![CDATA[org.testng.TestNGException: 
Parameter 'String userName' is required by @Test on method validCustomerShouldBeAbleToCreateCustomer but has not been marked @Optional or defined
in C:\Users\chumk\eclipse-Selenium\XML_Project\mockData\regression.xml
at java.base/java.util.ArrayList.forEach(ArrayList.java:1511)
... Removed 26 stack frames]]>
    </failure>
  </testcase> <!-- validCustomerShouldBeAbleToCreateCustomer -->
</testsuite> <!-- AddCustomerTest -->
